<?xml version="1.0" encoding="UTF-8"?>
<!-- Generated by org.testng.reporters.JUnitXMLReporter -->
<testsuite ignored="19" hostname="Abhisek-mohanta" failures="0" tests="1" name="Default test" time="0.12" errors="0" timestamp="2024-03-05T10:43:48 IST">
  <testcase classname="testcases.Facebook_L1_AutomationTest" name="@BeforeClass initBrowser" time="-1.709615627943E9">
    <failure type="org.testng.TestNGException" message="
Parameter &amp;apos;browser&amp;apos; is required by BeforeClass on method initBrowser but has not been marked @Optional or defined
in C:\Users\Abhisek_Pc\AppData\Local\Temp\testng-eclipse-793963558\testng-customsuite.xml">
      <![CDATA[org.testng.TestNGException: 
Parameter 'browser' is required by BeforeClass on method initBrowser but has not been marked @Optional or defined
in C:\Users\Abhisek_Pc\AppData\Local\Temp\testng-eclipse-793963558\testng-customsuite.xml
at org.testng.internal.Parameters.createParams(Parameters.java:267)
at org.testng.internal.Parameters.createParametersForMethod(Parameters.java:355)
at org.testng.internal.Parameters.createParameters(Parameters.java:684)
at org.testng.internal.Parameters.createConfigurationParameters(Parameters.java:166)
at org.testng.internal.invokers.ConfigInvoker.invokeConfigurations(ConfigInvoker.java:306)
at org.testng.internal.invokers.TestMethodWorker.invokeBeforeClassMethods(TestMethodWorker.java:180)
at org.testng.internal.invokers.TestMethodWorker.run(TestMethodWorker.java:122)
at java.base/java.util.ArrayList.forEach(ArrayList.java:1511)
at org.testng.TestRunner.privateRun(TestRunner.java:848)
at org.testng.TestRunner.run(TestRunner.java:621)
at org.testng.SuiteRunner.runTest(SuiteRunner.java:443)
at org.testng.SuiteRunner.runSequentially(SuiteRunner.java:437)
at org.testng.SuiteRunner.privateRun(SuiteRunner.java:397)
at org.testng.SuiteRunner.run(SuiteRunner.java:336)
at org.testng.SuiteRunnerWorker.runSuite(SuiteRunnerWorker.java:52)
at org.testng.SuiteRunnerWorker.run(SuiteRunnerWorker.java:95)
at org.testng.TestNG.runSuitesSequentially(TestNG.java:1280)
at org.testng.TestNG.runSuitesLocally(TestNG.java:1200)
at org.testng.TestNG.runSuites(TestNG.java:1114)
at org.testng.TestNG.run(TestNG.java:1082)
at org.testng.remote.AbstractRemoteTestNG.run(AbstractRemoteTestNG.java:115)
at org.testng.remote.RemoteTestNG.initAndRun(RemoteTestNG.java:251)
at org.testng.remote.RemoteTestNG.main(RemoteTestNG.java:77)
]]>
    </failure>
  </testcase> <!-- @BeforeClass initBrowser -->
  <testcase classname="testcases.Facebook_L1_AutomationTest" name="@AfterMethod retryIfTestFails" time="0.0">
    <skipped/>
  </testcase> <!-- @AfterMethod retryIfTestFails -->
  <testcase classname="testcases.Facebook_L1_AutomationTest" name="@AfterClass tearDown" time="0.005">
    <failure type="java.lang.NullPointerException" message="Cannot invoke &amp;quot;org.openqa.selenium.WebDriver.quit()&amp;quot; because &amp;quot;this.driver&amp;quot; is null">
      <![CDATA[java.lang.NullPointerException: Cannot invoke "org.openqa.selenium.WebDriver.quit()" because "this.driver" is null
at coreUtilities.testbase.TestBase.browserTearDown(TestBase.java:101)
at testcases.Facebook_L1_AutomationTest.tearDown(Facebook_L1_AutomationTest.java:259)
at java.base/jdk.internal.reflect.DirectMethodHandleAccessor.invoke(DirectMethodHandleAccessor.java:104)
at java.base/java.lang.reflect.Method.invoke(Method.java:578)
at org.testng.internal.invokers.MethodInvocationHelper.invokeMethod(MethodInvocationHelper.java:139)
at org.testng.internal.invokers.MethodInvocationHelper.invokeMethodConsideringTimeout(MethodInvocationHelper.java:69)
at org.testng.internal.invokers.ConfigInvoker.invokeConfigurationMethod(ConfigInvoker.java:390)
at org.testng.internal.invokers.ConfigInvoker.invokeConfigurations(ConfigInvoker.java:325)
at org.testng.internal.invokers.TestMethodWorker.invokeAfterClassConfigurations(TestMethodWorker.java:229)
at org.testng.internal.invokers.TestMethodWorker.invokeAfterClassMethods(TestMethodWorker.java:215)
at org.testng.internal.invokers.TestMethodWorker.run(TestMethodWorker.java:131)
at java.base/java.util.ArrayList.forEach(ArrayList.java:1511)
at org.testng.TestRunner.privateRun(TestRunner.java:848)
at org.testng.TestRunner.run(TestRunner.java:621)
at org.testng.SuiteRunner.runTest(SuiteRunner.java:443)
at org.testng.SuiteRunner.runSequentially(SuiteRunner.java:437)
at org.testng.SuiteRunner.privateRun(SuiteRunner.java:397)
at org.testng.SuiteRunner.run(SuiteRunner.java:336)
at org.testng.SuiteRunnerWorker.runSuite(SuiteRunnerWorker.java:52)
at org.testng.SuiteRunnerWorker.run(SuiteRunnerWorker.java:95)
at org.testng.TestNG.runSuitesSequentially(TestNG.java:1280)
at org.testng.TestNG.runSuitesLocally(TestNG.java:1200)
at org.testng.TestNG.runSuites(TestNG.java:1114)
at org.testng.TestNG.run(TestNG.java:1082)
at org.testng.remote.AbstractRemoteTestNG.run(AbstractRemoteTestNG.java:115)
at org.testng.remote.RemoteTestNG.initAndRun(RemoteTestNG.java:251)
at org.testng.remote.RemoteTestNG.main(RemoteTestNG.java:77)
]]>
    </failure>
  </testcase> <!-- @AfterClass tearDown -->
  <testcase classname="testcases.Facebook_L1_AutomationTest" name="validatePresenceOfOtherFieldsInLoginPage" time="0.0">
    <skipped/>
  </testcase> <!-- validatePresenceOfOtherFieldsInLoginPage -->
  <testcase classname="testcases.Facebook_L1_AutomationTest" name="Select_each_radio_button" time="0.0">
    <ignored/>
  </testcase> <!-- Select_each_radio_button -->
  <testcase classname="testcases.Facebook_L1_AutomationTest" name="Validate_incorrect_password" time="0.0">
    <ignored/>
  </testcase> <!-- Validate_incorrect_password -->
  <testcase classname="testcases.Facebook_L1_AutomationTest" name="Enter_data_in_Mobile_number_password" time="0.0">
    <ignored/>
  </testcase> <!-- Enter_data_in_Mobile_number_password -->
  <testcase classname="testcases.Facebook_L1_AutomationTest" name="validateFacebookLoginPage" time="0.0">
    <ignored/>
  </testcase> <!-- validateFacebookLoginPage -->
  <testcase classname="testcases.Facebook_L1_AutomationTest" name="Validate_title_of_the_login_page" time="0.0">
    <ignored/>
  </testcase> <!-- Validate_title_of_the_login_page -->
  <testcase classname="testcases.Facebook_L1_AutomationTest" name="Login" time="0.0">
    <ignored/>
  </testcase> <!-- Login -->
  <testcase classname="testcases.Facebook_L1_AutomationTest" name="login_button_is_Clickable" time="0.0">
    <ignored/>
  </testcase> <!-- login_button_is_Clickable -->
  <testcase classname="testcases.Facebook_L1_AutomationTest" name="verify_error_message" time="0.0">
    <ignored/>
  </testcase> <!-- verify_error_message -->
  <testcase classname="testcases.Facebook_L1_AutomationTest" name="CreateNewAccount" time="0.0">
    <ignored/>
  </testcase> <!-- CreateNewAccount -->
  <testcase classname="testcases.Facebook_L1_AutomationTest" name="clicking_on_the_Data_Policy_link" time="0.0">
    <ignored/>
  </testcase> <!-- clicking_on_the_Data_Policy_link -->
  <testcase classname="testcases.Facebook_L1_AutomationTest" name="DOB_values_captured_accurately" time="0.0">
    <ignored/>
  </testcase> <!-- DOB_values_captured_accurately -->
  <testcase classname="testcases.Facebook_L1_AutomationTest" name="select_one_radio_button" time="0.0">
    <ignored/>
  </testcase> <!-- select_one_radio_button -->
  <testcase classname="testcases.Facebook_L1_AutomationTest" name="Enter_data_in_First_name_Surname" time="0.0">
    <ignored/>
  </testcase> <!-- Enter_data_in_First_name_Surname -->
  <testcase classname="testcases.Facebook_L1_AutomationTest" name="Date_Of_Birth_fields" time="0.0">
    <ignored/>
  </testcase> <!-- Date_Of_Birth_fields -->
  <testcase classname="testcases.Facebook_L1_AutomationTest" name="Create_New_Account" time="0.0">
    <ignored/>
  </testcase> <!-- Create_New_Account -->
  <testcase classname="testcases.Facebook_L1_AutomationTest" name="Validate_incorrectUsername" time="0.0">
    <ignored/>
  </testcase> <!-- Validate_incorrectUsername -->
  <testcase classname="testcases.Facebook_L1_AutomationTest" name="forgot_password" time="0.0">
    <ignored/>
  </testcase> <!-- forgot_password -->
  <testcase classname="testcases.Facebook_L1_AutomationTest" name="clicking_on_the_Terms" time="0.0">
    <ignored/>
  </testcase> <!-- clicking_on_the_Terms -->
  <testcase classname="testcases.Facebook_L1_AutomationTest" name="click_on_sign_up" time="0.0">
    <ignored/>
  </testcase> <!-- click_on_sign_up -->
</testsuite> <!-- Default test -->
