<?xml version="1.0" encoding="UTF-8"?>
<!-- Generated by org.testng.reporters.JUnitXMLReporter -->
<testsuite ignored="0" hostname="Surya-Prakash" failures="1" tests="10" name="Test" time="26.137" errors="0" timestamp="2024-03-07T12:20:01 IST">
  <testcase classname="testcases.Facebook_L1_AutomationTest" name="validateFacebookTitleofLoginPage" time="0.087"/>
  <testcase classname="testcases.Facebook_L1_AutomationTest" name="verifyPresenceOfAllFieldsinTheLoginPage" time="0.269"/>
  <testcase classname="testcases.Facebook_L1_AutomationTest" name="validateErrorMessageWithoutProvideAnyCredentials" time="1.655"/>
  <testcase classname="testcases.Facebook_L1_AutomationTest" name="validateErrorMessageWithoutProvidePassword" time="9.023">
    <failure type="java.lang.AssertionError" message="error message is not matching, please check manually expected [The password that you&amp;apos;ve entered is incorrect. 
Forgotten password?] but found [The password that you&amp;apos;ve entered is incorrect.
Forgotten password?]">
      <![CDATA[java.lang.AssertionError: error message is not matching, please check manually expected [The password that you've entered is incorrect. 
Forgotten password?] but found [The password that you've entered is incorrect.
Forgotten password?]
at testcases.Facebook_L1_AutomationTest.validateErrorMessageWithoutProvidePassword(Facebook_L1_AutomationTest.java:83)
at java.base/java.util.concurrent.ThreadPoolExecutor.runWorker(ThreadPoolExecutor.java:1136)
at java.base/java.util.concurrent.ThreadPoolExecutor$Worker.run(ThreadPoolExecutor.java:635)
at java.base/java.lang.Thread.run(Thread.java:833)
... Removed 17 stack frames]]>
    </failure>
  </testcase> <!-- validateErrorMessageWithoutProvidePassword -->
  <testcase classname="testcases.Facebook_L1_AutomationTest" name="validateErrorMessageWithoutProvideEmailOrPhoneNumber" time="2.132"/>
  <testcase classname="testcases.Facebook_L1_AutomationTest" name="goBackToLogInPageAndValidateCreateNewAccountButtonIsPresentOrNot" time="5.893"/>
  <testcase classname="testcases.Facebook_L1_AutomationTest" name="click_on_forgetten_account_link_then_validate_Email_adddress_Or_phone_number_field" time="0.642"/>
  <testcase classname="testcases.Facebook_L1_AutomationTest" name="VerifyAllFieldsArePresentInTheSignUpPage" time="0.25"/>
  <testcase classname="testcases.Facebook_L1_AutomationTest" name="Enter_data_in_the_first_name_field_" time="0.206"/>
  <testcase classname="testcases.Facebook_L1_AutomationTest" name="Enter_data_in_some_Filed_in_the_SignUp_page" time="0.405"/>
</testsuite> <!-- Test -->
